{"time":"2025-08-30T14:29:15.869Z","action":"register","type":"licenses","user":"admin","email":"ferozmohamed@hynoontech.com","requestId":"d0fad6d2-549d-4aa3-9e9b-e4c1765fcc16"}
{"time":"2025-08-30T14:30:05.797Z","action":"update","type":"users","user":"admin","id":"admin","roles":["admin"],"requestId":"630f78ea-373e-4862-b6fb-b2b8cf9fa92c"}
{"time":"2025-08-30T15:19:10.272Z","action":"create","type":"samples","user":"admin","id":"RVtzB3","requestId":"c1157cc2-0874-4c1b-8d53-5340f3c764fc"}
{"time":"2025-08-30T15:24:40.348Z","action":"create","type":"samples","user":"admin","id":"yOMbdt","requestId":"85283d70-d0e2-4c70-b124-e1528f39b2cd"}
{"time":"2025-08-30T15:27:20.551Z","action":"create","type":"pipelines","user":"admin","id":"Cisco_Nexus_Test","requestId":"0221efa4-89b2-47cf-8c15-eb503cef85e7"}
{"time":"2025-08-30T15:27:40.330Z","action":"update","type":"pipelines","user":"admin","id":"Cisco_Nexus_Test","requestId":"693af608-a65b-4d4e-9c3d-eca76ce7382e"}
{"time":"2025-08-30T15:28:15.057Z","action":"update","type":"pipelines","user":"admin","id":"Cisco_Nexus_Test","requestId":"61026cff-89b4-4019-9408-64657fb4cdd1"}
{"time":"2025-08-30T15:28:38.327Z","action":"update","type":"pipelines","user":"admin","id":"Cisco_Nexus_Test","requestId":"63631a21-e273-47f0-915e-c9a72a4de7ce"}
{"time":"2025-08-30T15:33:02.517Z","action":"update","type":"pipelines","user":"admin","id":"Cisco_Nexus_Test","requestId":"0e78ff51-a0f1-4c01-8a8c-7035f19644f2"}
{"time":"2025-08-30T15:33:07.076Z","action":"update","type":"pipelines","user":"admin","id":"Cisco_Nexus_Test","requestId":"c53ab9f7-d7c8-4d67-9945-271b637ef69e"}
{"time":"2025-08-30T15:35:36.834Z","action":"update","type":"samples","user":"admin","id":"yOMbdt","requestId":"27deb67c-83e6-4f85-8d19-2374ce8a6db3"}
{"time":"2025-08-30T15:35:43.895Z","action":"create","type":"samples","user":"admin","id":"8PrsVO","requestId":"8128f7b8-89bc-4e92-9e7e-b523fcab8937"}
{"time":"2025-08-30T15:36:04.908Z","action":"update","type":"samples","user":"admin","id":"8PrsVO","requestId":"3185b5ef-9e08-48ce-91d9-1bcfd95b7ba0"}
{"time":"2025-08-30T15:36:35.441Z","action":"create","type":"samples","user":"admin","id":"j17bPS","requestId":"fd657d41-ab43-4828-a6f7-09d4ce0d45ed"}
{"time":"2025-08-30T15:36:53.323Z","action":"update","type":"samples","user":"admin","id":"j17bPS","requestId":"eee8d799-e083-4bc9-b094-19c5e743b835"}
{"time":"2025-08-30T15:37:55.924Z","action":"create","type":"samples","user":"admin","id":"vtOmu0","requestId":"e1bb7820-f828-4f26-ac11-d56815bba1ee"}
{"time":"2025-08-30T15:38:27.318Z","action":"update","type":"samples","user":"admin","id":"vtOmu0","requestId":"a3f14516-e368-444d-b88d-94706eea3092"}
{"time":"2025-08-30T15:38:48.888Z","action":"update","type":"samples","user":"admin","id":"j17bPS","requestId":"8ab094ee-e1c8-4400-9785-e4a5feeba99d"}
{"time":"2025-08-30T15:39:03.912Z","action":"update","type":"samples","user":"admin","id":"8PrsVO","requestId":"da5598fe-095b-4e2b-a5f3-260db201ea2f"}
{"time":"2025-08-30T15:39:13.457Z","action":"update","type":"samples","user":"admin","id":"yOMbdt","requestId":"62e2183b-cfa1-4754-a919-588504016257"}
{"time":"2025-08-30T15:39:36.571Z","action":"create","type":"samples","user":"admin","id":"NZwF14","requestId":"5fbac231-db7a-4ef9-a2d9-5e0c52345a1d"}
{"time":"2025-08-30T15:39:57.064Z","action":"update","type":"samples","user":"admin","id":"NZwF14","requestId":"d108aae1-56aa-4815-afda-6b5f7bac67f2"}
{"time":"2025-08-30T15:40:07.070Z","action":"update","type":"samples","user":"admin","id":"j17bPS","requestId":"52a52e6f-7555-451c-8594-26a30b4243e1"}
{"time":"2025-08-30T15:40:13.295Z","action":"update","type":"samples","user":"admin","id":"8PrsVO","requestId":"c718c33e-21af-42aa-af41-2e761ab91ee3"}
{"time":"2025-08-30T15:40:19.508Z","action":"update","type":"samples","user":"admin","id":"yOMbdt","requestId":"0e1389ec-a7e1-47c8-9f23-2a5e035931a3"}
{"time":"2025-08-30T15:40:30.713Z","action":"update","type":"samples","user":"admin","id":"NZwF14","requestId":"8d25c3f4-37a1-4d31-ada2-7c0a76a17b3f"}
{"time":"2025-08-30T15:40:36.540Z","action":"update","type":"samples","user":"admin","id":"vtOmu0","requestId":"45eca95f-3920-45a8-b512-d20c8489c3d5"}
{"time":"2025-08-30T15:41:13.842Z","action":"create","type":"samples","user":"admin","id":"1TKBZD","requestId":"90f92ba3-742c-470e-ab14-62a583c11af3"}
{"time":"2025-08-30T15:41:38.189Z","action":"update","type":"samples","user":"admin","id":"1TKBZD","requestId":"d3769d1f-8127-4c01-bad5-19f33d1a907e"}
{"time":"2025-08-30T15:42:57.980Z","action":"create","type":"samples","user":"admin","id":"6swfQo","requestId":"38275f96-48e3-4e35-8909-6ba0d115b0dc"}
{"time":"2025-08-30T15:43:22.846Z","action":"update","type":"samples","user":"admin","id":"6swfQo","requestId":"72a3ec58-fd68-479f-a4c0-7bff4ec5e41e"}
{"time":"2025-08-30T15:44:35.766Z","action":"create","type":"samples","user":"admin","id":"IN8pSK","requestId":"3667e81c-4ad1-4d09-8dd8-c0b119e3e07d"}
{"time":"2025-08-30T15:45:04.013Z","action":"update","type":"samples","user":"admin","id":"IN8pSK","requestId":"549306ee-80b0-4ef0-822f-0ce8ab1c0d38"}
{"time":"2025-08-30T15:47:46.372Z","action":"create","type":"samples","user":"admin","id":"XMfPAE","requestId":"9dd89a79-f951-4de5-bef3-0676eaa163d6"}
{"time":"2025-08-30T15:48:09.589Z","action":"update","type":"samples","user":"admin","id":"XMfPAE","requestId":"06c94d65-9e4c-4fdc-96a7-bd83538062c5"}
{"time":"2025-08-30T16:11:59.683Z","action":"create","type":"pipelines","user":"admin","id":"Prometheus_parse_rollup","requestId":"412d3304-c236-4e21-a23a-1f947d1ccf54"}
{"time":"2025-08-30T16:12:41.714Z","action":"delete","type":"pipelines","user":"admin","id":"Prometheus_parse_rollup","requestId":"e7524219-653e-4eb8-adf3-cb058bc03634"}
{"time":"2025-08-30T16:16:37.226Z","action":"create","type":"pipelines","user":"admin","id":"prometheus_parse_rollup","requestId":"78b18c50-4e9c-483e-b239-72686a133ee4"}
{"time":"2025-08-30T16:19:30.431Z","action":"update","type":"pipelines","user":"admin","id":"prometheus_parse_rollup","requestId":"78e1bb98-b771-4b23-953c-e310825e9c96"}
{"time":"2025-08-30T16:25:43.546Z","action":"create","type":"pipelines","user":"admin","id":"PaloAlto_Parser","requestId":"c79e2d5a-d75e-4502-b161-668c150983f0"}
{"time":"2025-08-30T16:31:10.841Z","action":"update","type":"pipelines","user":"admin","id":"PaloAlto_Parser","requestId":"a696db6f-bc18-40e1-b755-48253cf11b94"}
{"time":"2025-08-30T16:31:21.755Z","action":"create","type":"expression","user":"admin","id":"","requestId":"66519f15-3d05-483e-8fae-e6fcdd38100f"}
{"time":"2025-08-30T16:33:41.714Z","action":"update","type":"pipelines","user":"admin","id":"PaloAlto_Parser","requestId":"2353797e-42c9-47b2-9226-6e92d4df1fb3"}
{"time":"2025-08-30T16:34:09.035Z","action":"update","type":"pipelines","user":"admin","id":"PaloAlto_Parser","requestId":"d138274d-11ab-4e45-88ca-595e0503a478"}
{"time":"2025-08-30T16:34:22.841Z","action":"update","type":"pipelines","user":"admin","id":"PaloAlto_Parser","requestId":"43d5457d-937a-409c-b821-ce8d728f9eb1"}
{"time":"2025-08-30T16:35:15.177Z","action":"update","type":"pipelines","user":"admin","id":"PaloAlto_Parser","requestId":"1fb59f25-1bd0-45cc-95d5-0bcd91b1b2f8"}
{"time":"2025-08-30T16:35:22.112Z","action":"update","type":"pipelines","user":"admin","id":"PaloAlto_Parser","requestId":"aae65590-e7a7-4ba1-a83e-64144f444890"}
{"time":"2025-08-30T16:35:28.415Z","action":"update","type":"pipelines","user":"admin","id":"PaloAlto_Parser","requestId":"40352ae0-8d42-4d40-bd22-c28da62bd266"}
{"time":"2025-08-30T16:35:45.126Z","action":"update","type":"pipelines","user":"admin","id":"PaloAlto_Parser","requestId":"bd4eef81-0356-4b9c-9d7f-a7ecba59e29c"}
{"time":"2025-08-30T16:36:08.527Z","action":"update","type":"pipelines","user":"admin","id":"PaloAlto_Parser","requestId":"c407fed4-3f5f-4e91-9647-f45bb8cf03ef"}
{"time":"2025-08-30T16:36:17.451Z","action":"update","type":"pipelines","user":"admin","id":"PaloAlto_Parser","requestId":"5068719a-c7ca-432b-a9c3-884839d26049"}
{"time":"2025-08-30T16:36:54.335Z","action":"update","type":"pipelines","user":"admin","id":"PaloAlto_Parser","requestId":"5acb10f5-ea4e-478b-9952-740150131a5c"}
{"time":"2025-08-30T16:37:33.517Z","action":"update","type":"pipelines","user":"admin","id":"PaloAlto_Parser","requestId":"3102db73-e0cb-4f49-bf59-8d38f9f21c8d"}
{"time":"2025-08-30T16:37:59.341Z","action":"update","type":"pipelines","user":"admin","id":"PaloAlto_Parser","requestId":"0bd9da32-4684-447e-b720-a461bb6bb8fa"}
{"time":"2025-08-30T16:38:17.339Z","action":"update","type":"pipelines","user":"admin","id":"PaloAlto_Parser","requestId":"d236b6b2-4949-478e-8fd0-7847f9532f7d"}
{"time":"2025-08-30T16:38:23.515Z","action":"update","type":"pipelines","user":"admin","id":"PaloAlto_Parser","requestId":"536e8e1f-f0b2-4de4-8cff-fc1505458e41"}
{"time":"2025-08-30T16:39:15.767Z","action":"update","type":"pipelines","user":"admin","id":"PaloAlto_Parser","requestId":"9ca6f00c-420e-41c5-a977-548083ea1209"}
{"time":"2025-08-30T16:39:25.973Z","action":"update","type":"pipelines","user":"admin","id":"PaloAlto_Parser","requestId":"e84fdba2-528c-4b44-903f-f727b30816df"}
{"time":"2025-08-30T16:40:20.791Z","action":"update","type":"pipelines","user":"admin","id":"PaloAlto_Parser","requestId":"90204fdf-6c93-4c07-a328-1d27783282b5"}
{"time":"2025-08-30T16:41:40.739Z","action":"update","type":"pipelines","user":"admin","id":"PaloAlto_Parser","requestId":"c28d1e3e-66d8-4f8b-8ca6-9a1a7a315df6"}
{"time":"2025-08-30T16:42:17.628Z","action":"update","type":"pipelines","user":"admin","id":"PaloAlto_Parser","requestId":"8aa091b5-90fc-41c6-8c93-138bc0fce47c"}
{"time":"2025-08-30T16:43:31.104Z","action":"update","type":"pipelines","user":"admin","id":"PaloAlto_Parser","requestId":"7c2ceb84-e7d5-4e9b-be01-2d9fe67e447f"}
{"time":"2025-08-30T16:44:08.492Z","action":"update","type":"pipelines","user":"admin","id":"PaloAlto_Parser","requestId":"6a4d7a8d-0c09-4519-9509-2db80f783c94"}
{"time":"2025-08-30T16:44:19.644Z","action":"update","type":"pipelines","user":"admin","id":"PaloAlto_Parser","requestId":"55bfb2be-e4b5-42e0-b860-3219d14a0fb6"}
{"time":"2025-09-16T23:24:05.280Z","action":"update","type":"inputs","user":"admin","id":"splunk:in_splunk_tcp","requestId":"caa0cd52-b5ec-4561-b6d9-51a5c5c8423d"}
{"time":"2025-09-16T23:28:37.282Z","action":"update","type":"inputs","user":"admin","id":"syslog:in_syslog","requestId":"6f18958e-38db-4f69-9ef7-0f6522e70327"}
{"time":"2025-09-16T23:29:08.609Z","action":"create","type":"inputs","user":"admin","id":"syslog:TCPinput","requestId":"2dbe099e-599f-4d04-8a59-7f5b750ff997"}
{"time":"2025-09-16T23:29:27.260Z","action":"create","type":"inputs","user":"admin","id":"syslog:UDPINPUT","requestId":"d07e7b97-f6be-45c3-82f6-60930f058af0"}
{"time":"2025-09-16T23:31:26.692Z","action":"update","type":"routes","user":"admin","id":["default","VyKi5v"],"requestId":"015df608-fd7f-4e06-bce2-93d74ac660bf"}
{"time":"2025-09-16T23:39:46.438Z","action":"create","type":"expression","user":"admin","id":"","requestId":"7b4ae2a5-2ced-4b85-8e2d-fb5db721c8dd"}
{"time":"2025-09-16T23:39:50.199Z","action":"create","type":"expression","user":"admin","id":"","requestId":"cd005eff-69e3-453e-9cd1-1e72b18bb32e"}
{"time":"2025-10-06T19:19:11.909Z","action":"update","type":"system-instance","user":"admin","id":"distributed","requestId":"6582b18a-5359-496c-9452-097e52fa65d4"}
{"time":"2025-10-06T20:35:17.101Z","action":"commit","type":"git","user":"admin","id":"9b0f435","files":{"created":["groups/default/local/cribl/auth/cribl.secret","groups/default/local/cribl/auth/users.json","groups/default/package.json"]},"subject":"admin admin: Inital commit","requestId":"4df82860-ef13-4d4a-92cb-e78a39e3aef2"}
{"time":"2025-10-06T20:35:17.206Z","action":"deploy","type":"groups","user":"admin","id":"default","version":"9b0f435","lookups":[],"requestId":"fde8c35a-3c09-4ab0-a5d7-1519b264fbef"}
